<?xml version="1.0" encoding="UTF-8"?>
<!-- Generated by org.testng.reporters.JUnitReportReporter -->
<testsuite skipped="0" hostname="CARLOSJA03" name="ICTRT_Automation.Ticket_Search" tests="2" failures="0" timestamp="14 Nov 2018 20:05:09 GMT" time="15.525" errors="0">
  <testcase name="Login" time="8.961" classname="ICTRT_Automation.Ticket_Search"/>
  <testcase name="TicketSearch" time="6.564" classname="ICTRT_Automation.Ticket_Search"/>
</testsuite> <!-- ICTRT_Automation.Ticket_Search -->
