<?xml version="1.0" encoding="UTF-8"?>
<!-- Generated by org.testng.reporters.JUnitReportReporter -->
<testsuite skipped="0" hostname="CARLOSJA03" name="ICTRT_Automation.User_Administration" tests="3" failures="0" timestamp="04 Dec 2018 03:34:30 GMT" time="77.268" errors="0">
  <testcase name="Login" time="10.431" classname="ICTRT_Automation.User_Administration"/>
  <testcase name="UserAdministration_CreateUser" time="44.554" classname="ICTRT_Automation.User_Administration"/>
  <testcase name="UserAdministration_SearchUser" time="22.283" classname="ICTRT_Automation.User_Administration"/>
</testsuite> <!-- ICTRT_Automation.User_Administration -->
