<?xml version="1.0" encoding="UTF-8"?>
<!-- Generated by org.testng.reporters.JUnitReportReporter -->
<testsuite skipped="0" hostname="CARLOSJA03" name="ICTRT_Automation.Ticket_Search" tests="2" failures="0" timestamp="03 Dec 2018 18:48:00 GMT" time="33.611" errors="0">
  <testcase name="Login" time="10.069" classname="ICTRT_Automation.Ticket_Search"/>
  <testcase name="TicketSearch" time="23.542" classname="ICTRT_Automation.Ticket_Search"/>
</testsuite> <!-- ICTRT_Automation.Ticket_Search -->
