<?xml version="1.0" encoding="UTF-8"?>
<!-- Generated by org.testng.reporters.JUnitReportReporter -->
<testsuite skipped="0" hostname="CARLOSJA03" name="ICTRT_Automation.Request_Network_Testing" tests="2" failures="0" timestamp="14 Nov 2018 20:03:29 GMT" time="16.186" errors="0">
  <testcase name="Login" time="9.388" classname="ICTRT_Automation.Request_Network_Testing"/>
  <testcase name="RequestNetwork" time="6.798" classname="ICTRT_Automation.Request_Network_Testing"/>
</testsuite> <!-- ICTRT_Automation.Request_Network_Testing -->
