<?xml version="1.0" encoding="UTF-8"?>
<!-- Generated by org.testng.reporters.JUnitReportReporter -->
<testsuite skipped="0" hostname="GACDTL01SH6212" name="com.wsa.tests.ReportSubscriberTroubleTest" tests="2" failures="0" timestamp="09 Jan 2019 19:15:15 GMT" time="126.432" errors="0">
  <testcase name="validation" time="65.275" classname="com.wsa.tests.ReportSubscriberTroubleTest"/>
  <testcase name="validation" time="61.157" classname="com.wsa.tests.ReportSubscriberTroubleTest"/>
</testsuite> <!-- com.wsa.tests.ReportSubscriberTroubleTest -->
