<<<<<<< HEAD
<?xml version="1.0" encoding="UTF-8"?>
<!-- Generated by org.testng.reporters.JUnitReportReporter -->
<testsuite skipped="0" hostname="CARLOSJA03" name="com.wsa.tests.UserAdministrationTest" tests="2" failures="0" timestamp="14 Jan 2019 19:21:13 GMT" time="119.092" errors="0">
  <testcase name="validation" time="45.966" classname="com.wsa.tests.UserAdministrationTest"/>
  <testcase name="validation" time="73.126" classname="com.wsa.tests.UserAdministrationTest"/>
</testsuite> <!-- com.wsa.tests.UserAdministrationTest -->
=======
<?xml version="1.0" encoding="UTF-8"?>
<!-- Generated by org.testng.reporters.JUnitReportReporter -->
<testsuite skipped="0" hostname="CARLOSJA03" name="com.wsa.tests.UserAdministrationTest" tests="2" failures="0" timestamp="14 Jan 2019 19:21:13 GMT" time="119.092" errors="0">
  <testcase name="validation" time="45.966" classname="com.wsa.tests.UserAdministrationTest"/>
  <testcase name="validation" time="73.126" classname="com.wsa.tests.UserAdministrationTest"/>
</testsuite> <!-- com.wsa.tests.UserAdministrationTest -->
>>>>>>> 8a9740396c34761f819b22afffc374346823b807
