<?xml version="1.0" encoding="UTF-8"?>
<!-- Generated by org.testng.reporters.JUnitReportReporter -->
<testsuite skipped="0" hostname="CARLOSJA03" name="ICTRT_Automation.Sign_In" tests="1" failures="0" timestamp="14 Nov 2018 20:04:03 GMT" time="13.616" errors="0">
  <testcase name="Login" time="13.616" classname="ICTRT_Automation.Sign_In"/>
</testsuite> <!-- ICTRT_Automation.Sign_In -->
