<?xml version="1.0" encoding="UTF-8"?>
<!-- Generated by org.testng.reporters.JUnitReportReporter -->
<testsuite skipped="0" hostname="CARLOSJA03" name="ICTRT_Automation.Request_Network_Testing" tests="2" failures="0" timestamp="12 Dec 2018 18:07:49 GMT" time="46.775" errors="0">
  <testcase name="Login" time="10.201" classname="ICTRT_Automation.Request_Network_Testing"/>
  <testcase name="RequestNetwork" time="36.574" classname="ICTRT_Automation.Request_Network_Testing"/>
</testsuite> <!-- ICTRT_Automation.Request_Network_Testing -->
