<?xml version="1.0" encoding="UTF-8"?>
<!-- Generated by org.testng.reporters.JUnitReportReporter -->
<testsuite skipped="0" hostname="GACDTL01SH6212" name="com.wsa.tests.ReportSubscriberTroubleTest" tests="1" failures="0" timestamp="10 Jan 2019 22:32:58 GMT" time="60.771" errors="0">
  <testcase name="validation" time="60.771" classname="com.wsa.tests.ReportSubscriberTroubleTest"/>
</testsuite> <!-- com.wsa.tests.ReportSubscriberTroubleTest -->
