<<<<<<< HEAD
<?xml version="1.0" encoding="UTF-8"?>
<!-- Generated by org.testng.reporters.JUnitReportReporter -->
<testsuite skipped="0" hostname="CARLOSJA03" name="com.wsa.tests.RequestNetworkTestingTest" tests="1" failures="0" timestamp="11 Jan 2019 21:07:21 GMT" time="82.166" errors="0">
  <testcase name="validation" time="82.166" classname="com.wsa.tests.RequestNetworkTestingTest"/>
</testsuite> <!-- com.wsa.tests.RequestNetworkTestingTest -->
=======
<?xml version="1.0" encoding="UTF-8"?>
<!-- Generated by org.testng.reporters.JUnitReportReporter -->
<testsuite skipped="0" hostname="CARLOSJA03" name="com.wsa.tests.RequestNetworkTestingTest" tests="1" failures="0" timestamp="11 Jan 2019 21:07:21 GMT" time="82.166" errors="0">
  <testcase name="validation" time="82.166" classname="com.wsa.tests.RequestNetworkTestingTest"/>
</testsuite> <!-- com.wsa.tests.RequestNetworkTestingTest -->
>>>>>>> 8a9740396c34761f819b22afffc374346823b807
