<?xml version="1.0" encoding="UTF-8"?>
<!-- Generated by org.testng.reporters.JUnitReportReporter -->
<testsuite skipped="0" hostname="GACDTL01SH6212" name="com.wsa.tests.LoginCSPTest" tests="1" failures="0" timestamp="04 Jan 2019 20:07:56 GMT" time="15.076" errors="0">
  <testcase name="validation" time="15.076" classname="com.wsa.tests.LoginCSPTest"/>
</testsuite> <!-- com.wsa.tests.LoginCSPTest -->
