<?xml version="1.0" encoding="UTF-8"?>
<!-- Generated by org.testng.reporters.JUnitReportReporter -->
<testsuite skipped="0" hostname="GUILLERM01" name="com.wsa.tests.TableMaintenanceTest" tests="1" failures="0" timestamp="22 Jan 2019 23:01:47 GMT" time="53.707" errors="0">
  <testcase name="Validation" time="53.707" classname="com.wsa.tests.TableMaintenanceTest"/>
</testsuite> <!-- com.wsa.tests.TableMaintenanceTest -->
