<?xml version="1.0" encoding="UTF-8"?>
<!-- Generated by org.testng.reporters.JUnitReportReporter -->
<testsuite skipped="0" hostname="CARLOSJA03" name="com.wsa.tests.LoginCSPTest" tests="1" failures="0" timestamp="11 Jan 2019 00:32:19 GMT" time="10.897" errors="0">
  <testcase name="validation" time="10.897" classname="com.wsa.tests.LoginCSPTest"/>
</testsuite> <!-- com.wsa.tests.LoginCSPTest -->
