<?xml version="1.0" encoding="UTF-8"?>
<!-- Generated by org.testng.reporters.JUnitReportReporter -->
<testsuite skipped="0" hostname="CARLOSJA03" name="ICTRT_Automation.Ticket_Queue" tests="2" failures="0" timestamp="07 Jan 2019 21:42:22 GMT" time="37.164" errors="0">
  <testcase name="Login" time="10.523" classname="ICTRT_Automation.Ticket_Queue"/>
  <testcase name="TicketQueue" time="26.641" classname="ICTRT_Automation.Ticket_Queue"/>
</testsuite> <!-- ICTRT_Automation.Ticket_Queue -->
