<?xml version="1.0" encoding="UTF-8"?>
<!-- Generated by org.testng.reporters.JUnitReportReporter -->
<testsuite skipped="0" hostname="CARLOSJA03" name="ICTRT_Automation.Report_Subscriber_Trouble" tests="2" failures="0" timestamp="14 Nov 2018 19:59:47 GMT" time="14.986" errors="0">
  <testcase name="Login" time="8.947" classname="ICTRT_Automation.Report_Subscriber_Trouble"/>
  <testcase name="ReportSubscriber" time="6.039" classname="ICTRT_Automation.Report_Subscriber_Trouble"/>
</testsuite> <!-- ICTRT_Automation.Report_Subscriber_Trouble -->
