<?xml version="1.0" encoding="UTF-8"?>
<!-- Generated by org.testng.reporters.JUnitReportReporter -->
<testsuite skipped="0" hostname="CARLOSJA03" name="ICTRT_Automation.Ticket_Search" tests="2" failures="0" timestamp="07 Jan 2019 23:41:50 GMT" time="36.272" errors="0">
  <testcase name="Login" time="11.462" classname="ICTRT_Automation.Ticket_Search"/>
  <testcase name="TicketSearch" time="24.810" classname="ICTRT_Automation.Ticket_Search"/>
</testsuite> <!-- ICTRT_Automation.Ticket_Search -->
