<?xml version="1.0" encoding="UTF-8"?>
<!-- Generated by org.testng.reporters.JUnitReportReporter -->
<testsuite skipped="0" hostname="GACDTL01SH6212" name="com.wsa.tests.LoginCSPTest" tests="1" failures="0" timestamp="15 Nov 2018 20:29:41 GMT" time="27.813" errors="0">
  <testcase name="f" time="27.813" classname="com.wsa.tests.LoginCSPTest"/>
</testsuite> <!-- com.wsa.tests.LoginCSPTest -->
