<?xml version="1.0" encoding="UTF-8"?>
<!-- Generated by org.testng.reporters.JUnitReportReporter -->
<testsuite skipped="0" hostname="CARLOSJA03" name="ICTRT_Automation.Table_Maintenance" tests="2" failures="0" timestamp="17 Dec 2018 19:08:45 GMT" time="39.837" errors="0">
  <testcase name="Login" time="10.011" classname="ICTRT_Automation.Table_Maintenance"/>
  <testcase name="TableMaintenance" time="29.826" classname="ICTRT_Automation.Table_Maintenance"/>
</testsuite> <!-- ICTRT_Automation.Table_Maintenance -->
