<?xml version="1.0" encoding="UTF-8"?>
<!-- Generated by org.testng.reporters.JUnitReportReporter -->
<testsuite skipped="0" hostname="CARLOSJA03" name="ICTRT_Automation.Report_Subscriber_Trouble" tests="2" failures="0" timestamp="12 Dec 2018 18:06:18 GMT" time="45.078" errors="0">
  <testcase name="Login" time="9.816" classname="ICTRT_Automation.Report_Subscriber_Trouble"/>
  <testcase name="ReportSubscriber" time="35.262" classname="ICTRT_Automation.Report_Subscriber_Trouble"/>
</testsuite> <!-- ICTRT_Automation.Report_Subscriber_Trouble -->
